\BOOKMARK [0][-]{part.1}{I Principe d'incertitude d'Heisenberg}{}% 1
\BOOKMARK [1][-]{section.1}{Applications du Principe d'Incertitude}{part.1}% 2
\BOOKMARK [2][-]{subsection.1.1}{Application \340 l'atome d'Hydrog\350ne}{section.1}% 3
\BOOKMARK [2][-]{subsection.1.2}{Application \340 l'Oscillateur Harmonique}{section.1}% 4
\BOOKMARK [2][-]{subsection.1.3}{Application au cas relativiste}{section.1}% 5
\BOOKMARK [2][-]{subsection.1.4}{Application \340 la Masse de Planck}{section.1}% 6
\BOOKMARK [2][-]{subsection.1.5}{Application \340 la masse des \351toiles}{section.1}% 7
\BOOKMARK [2][-]{subsection.1.6}{Masse de Chandrasekhar}{section.1}% 8
\BOOKMARK [0][-]{part.2}{II L'\351quation de Schr\366dinger}{}% 9
\BOOKMARK [1][-]{section.2}{Particule libre}{part.2}% 10
\BOOKMARK [1][-]{section.3}{Interpr\351tation probabiliste}{part.2}% 11
\BOOKMARK [2][-]{subsection.3.1}{Born: \351tude des collisions. Origine de l'interpr\351tation probabiliste}{section.3}% 12
\BOOKMARK [1][-]{section.4}{Paquet d'onde \340 une dimension}{part.2}% 13
\BOOKMARK [2][-]{subsection.4.1}{Vitesse de phase et vitesse de groupe}{section.4}% 14
\BOOKMARK [1][-]{section.5}{Potentiel stationnaire}{part.2}% 15
\BOOKMARK [2][-]{subsection.5.1}{Equation de Schr\366dinger ind\351pendante du temps}{section.5}% 16
\BOOKMARK [2][-]{subsection.5.2}{Potentiels \340 une dimension: description quantitative}{section.5}% 17
\BOOKMARK [3][-]{subsubsection.5.2.1}{Puit de potentiel infini \340 une dimension}{subsection.5.2}% 18
\BOOKMARK [3][-]{subsubsection.5.2.2}{Puit de potentiel fini \340 une dimension}{subsection.5.2}% 19
\BOOKMARK [3][-]{subsubsection.5.2.3}{Potentiel en escalier}{subsection.5.2}% 20
\BOOKMARK [1][-]{section.6}{Approximation semi-classique}{part.2}% 21
\BOOKMARK [2][-]{subsection.6.1}{Application \340 la d\351sint\351gration alpha des noyaux}{section.6}% 22
\BOOKMARK [0][-]{part.3}{III Notions math\351matiques}{}% 23
\BOOKMARK [1][-]{section.7}{S\351rie de Fourier}{part.3}% 24
\BOOKMARK [1][-]{section.8}{Transform\351es de Fourier}{part.3}% 25
\BOOKMARK [1][-]{section.9}{Distribution}{part.3}% 26
\BOOKMARK [2][-]{subsection.9.1}{Espace de fonctions test}{section.9}% 27
\BOOKMARK [2][-]{subsection.9.2}{Op\351rations sur les distributions}{section.9}% 28
\BOOKMARK [2][-]{subsection.9.3}{Distributions temp\351r\351es}{section.9}% 29
\BOOKMARK [2][-]{subsection.9.4}{ de Dirac}{section.9}% 30
\BOOKMARK [2][-]{subsection.9.5}{Transform\351e de Fourier d'une fonction p\351riodique}{section.9}% 31
\BOOKMARK [0][-]{part.4}{IV Formalisme de Dirac}{}% 32
\BOOKMARK [1][-]{section.10}{Exp\351rience de Stern-Gerlach}{part.4}% 33
\BOOKMARK [1][-]{section.11}{Notations propre \340 la M\351canique Quantique}{part.4}% 34
\BOOKMARK [2][-]{subsection.11.1}{Correspondance entre bra et ket}{section.11}% 35
\BOOKMARK [3][-]{subsubsection.11.1.1}{Exemples}{subsection.11.1}% 36
\BOOKMARK [1][-]{section.12}{Op\351rateurs lin\351aires}{part.4}% 37
\BOOKMARK [1][-]{section.13}{Op\351rateur adjoint A\201}{part.4}% 38
\BOOKMARK [2][-]{subsection.13.1}{Propri\351t\351s int\351ressantes}{section.13}% 39
\BOOKMARK [2][-]{subsection.13.2}{Exemples d'op\351rateurs}{section.13}% 40
\BOOKMARK [1][-]{section.14}{Op\351rateur Hermitien et observable}{part.4}% 41
\BOOKMARK [2][-]{subsection.14.1}{Equation aux vecteurs propres}{section.14}% 42
\BOOKMARK [2][-]{subsection.14.2}{Exemples d'op\351rateurs}{section.14}% 43
\BOOKMARK [0][-]{part.5}{V Postulats de la M\351canique Quantique}{}% 44
\BOOKMARK [1][-]{section.15}{\311nonc\351 des postulats}{part.5}% 45
\BOOKMARK [2][-]{subsection.15.1}{R\351duction du paquet d'onde}{section.15}% 46
\BOOKMARK [2][-]{subsection.15.2}{Valeur moyenne d'une observable A}{section.15}% 47
\BOOKMARK [2][-]{subsection.15.3}{Ecart quadratique moyen}{section.15}% 48
\BOOKMARK [2][-]{subsection.15.4}{Evolution des syst\350mes dans le temps}{section.15}% 49
\BOOKMARK [2][-]{subsection.15.5}{Hamiltonien ind\351pendant du temps}{section.15}% 50
\BOOKMARK [2][-]{subsection.15.6}{Op\351rateurs unitaires}{section.15}% 51
\BOOKMARK [2][-]{subsection.15.7}{Fonction d'Op\351rateurs/de Matrices}{section.15}% 52
\BOOKMARK [0][-]{part.6}{VI Applications de la M\351canique Quantique}{}% 53
\BOOKMARK [1][-]{section.16}{Interf\351rom\350tre de Mech-Zehnder}{part.6}% 54
\BOOKMARK [2][-]{subsection.16.1}{Lumi\350re classique}{section.16}% 55
\BOOKMARK [2][-]{subsection.16.2}{Lumi\350re quantique}{section.16}% 56
\BOOKMARK [1][-]{section.17}{Oscillations de neutrinos}{part.6}% 57
\BOOKMARK [1][-]{section.18}{MASER NH3}{part.6}% 58
\BOOKMARK [1][-]{section.19}{Spin 12}{part.6}% 59
\BOOKMARK [2][-]{subsection.19.1}{Quantification du moment angulaire}{section.19}% 60
\BOOKMARK [0][-]{part.7}{VII Appendice}{}% 61
\BOOKMARK [1][-]{appendix.A}{R\351sultats \351l\351mentaires d'Alg\350bre Lin\351aire}{part.7}% 62
