\BOOKMARK [0][-]{part.1}{I Formalisme de Dirac}{}% 1
\BOOKMARK [1][-]{section.1}{Exp\351rience de Stern-Gerlach}{part.1}% 2
\BOOKMARK [1][-]{section.2}{Notations propre \340 la M\351canique Quantique}{part.1}% 3
\BOOKMARK [2][-]{subsection.2.1}{Correspondance entre bra et ket}{section.2}% 4
\BOOKMARK [3][-]{subsubsection.2.1.1}{Exemples}{subsection.2.1}% 5
\BOOKMARK [1][-]{section.3}{Op\351rateurs lin\351aires}{part.1}% 6
\BOOKMARK [1][-]{section.4}{Op\351rateur adjoint A\201}{part.1}% 7
\BOOKMARK [2][-]{subsection.4.1}{Propri\351t\351s int\351ressantes}{section.4}% 8
\BOOKMARK [2][-]{subsection.4.2}{Exemples d'op\351rateurs}{section.4}% 9
\BOOKMARK [1][-]{section.5}{Op\351rateur Hermitien et observable}{part.1}% 10
\BOOKMARK [2][-]{subsection.5.1}{Equation aux vecteurs propres}{section.5}% 11
\BOOKMARK [2][-]{subsection.5.2}{Exemples d'op\351rateurs}{section.5}% 12
\BOOKMARK [0][-]{part.2}{II Postulats de la M\351canique Quantique}{}% 13
\BOOKMARK [1][-]{section.6}{\311nonc\351 des postulats}{part.2}% 14
\BOOKMARK [2][-]{subsection.6.1}{R\351duction du paquet d'onde}{section.6}% 15
\BOOKMARK [2][-]{subsection.6.2}{Valeur moyenne d'une observable A}{section.6}% 16
\BOOKMARK [2][-]{subsection.6.3}{Ecart quadratique moyen}{section.6}% 17
\BOOKMARK [2][-]{subsection.6.4}{Evolution des syst\350mes dans le temps}{section.6}% 18
\BOOKMARK [2][-]{subsection.6.5}{Hamiltonien ind\351pendant du temps}{section.6}% 19
\BOOKMARK [2][-]{subsection.6.6}{Op\351rateurs unitaires}{section.6}% 20
\BOOKMARK [2][-]{subsection.6.7}{Fonction d'Op\351rateurs/de Matrices}{section.6}% 21
